build/app/outputs/mapping/release/seeds.txt
com.mytop10storeuser.user.MainActivity: MainActivity()
com.mytop10storeuser.user.MainActivity
...
okhttp3.Response: okhttp3.Response -deprecated_cacheResponse()
okhttp3.Request$Builder: okhttp3.HttpUrl getUrl$okhttp()
com.google.android.material.R$styleable: int ViewStubCompat_android_id
easypay.appinvoke.manager.Constants: java.lang.String EASY_PAY_ETAG_PREF
com.google.gson.internal.bind.NumberTypeAdapter$1
androidx.window.R$styleable: int[] SplitPairFilter
com.yalantis.ucrop.R$id: int action_bar_root
com.google.android.material.R$dimen: int mtrl_navigation_rail_compact_width
co.paystack.flutterpaystack.R$id: int outward
paytm.assist.easypay.easypay.appinvoke.R$string: int do_not_send_otp
paytm.assist.easypay.easypay.appinvoke.R$id: int tag_accessibility_heading
com.google.android.material.R$layout: int test_toolbar_elevation
com.google.android.material.R$id: int filled
okhttp3.Address: javax.net.SocketFactory socketFactory
androidx.constraintlayout.widget.R$styleable: int Layout_layout_constraintWidth_max
com.yalantis.ucrop.R$id: int accessibility_custom_action_15
androidx.appcompat.widget.AppCompatSpinner$SavedState: android.os.Parcelable$Creator CREATOR
com.google.android.gms.common.SignInButton: void setStyle(int,int)
paytm.assist.easypay.easypay.appinvoke.R$styleable: int ConstraintOverride_android_elevation
com.google.android.material.progressindicator.BaseProgressIndicator: void setIndeterminate(boolean)
com.google.android.material.R$string: int material_motion_easing_accelerated
androidx.fragment.app.FragmentTabHost: void setup()
com.airbnb.lottie.R$styleable: int AlertDialog_singleChoiceItemLayout
androidx.constraintlayout.utils.widget.MotionLabel: float getTextureHeight()
androidx.appcompat.R$attr: int windowFixedWidthMajor
androidx.window.java.layout.WindowInfoTrackerCallbackAdapter: void removeWindowLayoutInfoListener(androidx.core.util.Consumer)
androidx.constraintlayout.widget.R$styleable: int ConstraintLayout_Layout_layout_constraintEnd_toStartOf
com.google.android.material.R$styleable: int Chip_checkedIconEnabled
androidx.appcompat.R$layout: int abc_tooltip
okhttp3.Response: java.lang.String header$default(okhttp3.Response,java.lang.String,java.lang.String,int,java.lang.Object)
paytm.assist.easypay.easypay.appinvoke.R$styleable: int StateListDrawable_android_dither
com.airbnb.lottie.LottieAnimationView: void setAnimation(int)
com.airbnb.lottie.R$styleable: int SearchView_searchIcon
com.google.android.gms.measurement.AppMeasurement$ConditionalUserProperty: java.lang.String mName
androidx.constraintlayout.motion.widget.MotionLayout: void setProgress(float,float)
com.google.android.material.R$style: int ThemeOverlay_MaterialComponents_AutoCompleteTextView_FilledBox
com.csdcorp.speech_to_text.SpeechToTextCallbackMethods: com.csdcorp.speech_to_text.SpeechToTextCallbackMethods valueOf(java.lang.String)
androidx.window.layout.WindowMetricsCalculator$Companion$decorator$1: java.lang.Object invoke(java.lang.Object)
androidx.constraintlayout.widget.R$id: int select_dialog_listview
com.google.android.gms.measurement.AppMeasurementContentProvider
com.google.gson.reflect.TypeToken: java.lang.Class getRawType()
com.google.android.material.R$dimen: int abc_control_padding_material
com.google.android.material.R$styleable: int CustomAttribute_customDimension
androidx.constraintlayout.widget.R$styleable: int ConstraintLayout_Layout_android_visibility
io.github.ponnamkarthik.toast.fluttertoast.R$id: int ltr
kotlinx.coroutines.channels.AbstractSendChannel$SendBuffered
okhttp3.HttpUrl: java.lang.String PATH_SEGMENT_ENCODE_SET_URI
androidx.window.java.layout.WindowInfoTrackerCallbackAdapter$addListener$1$1$invokeSuspend$$inlined$collect$1: java.lang.Object emit(java.lang.Object,kotlin.coroutines.Continuation)
androidx.fragment.R$styleable: int Fragment_android_id
androidx.appcompat.R$style: int TextAppearance_Widget_AppCompat_Toolbar_Title
paytm.assist.easypay.easypay.appinvoke.R$id: int reverseSawtooth