build/app/outputs/mapping/release/usage.txt
com.mytop10storeuser.user.R$style
com.mytop10storeuser.user.R
com.mytop10storeuser.user.R$bool
com.mytop10storeuser.user.R$attr
com.mytop10storeuser.user.R$xml
com.mytop10storeuser.user.R$plurals
com.mytop10storeuser.user.R$menu
com.mytop10storeuser.user.R$integer
com.mytop10storeuser.user.R$drawable
com.mytop10storeuser.user.R$dimen
com.mytop10storeuser.user.R$raw
com.mytop10storeuser.user.R$id
com.mytop10storeuser.user.R$mipmap
com.mytop10storeuser.user.R$interpolator
com.mytop10storeuser.user.BuildConfig
com.mytop10storeuser.user.R$animator
com.mytop10storeuser.user.R$string
com.mytop10storeuser.user.R$styleable
com.mytop10storeuser.user.R$color
com.mytop10storeuser.user.R$layout
com.mytop10storeuser.user.R$anim
...
androidx.fragment.app.FragmentManager$ClearBackStackState
androidx.lifecycle.LifecycleRegistry:
    public static androidx.lifecycle.LifecycleRegistry createUnsafe(androidx.lifecycle.LifecycleOwner)
    public int getObserverCount()
androidx.constraintlayout.motion.widget.MotionPaths:
    void getCenterVelocity(double,int[],double[],float[],int)
    void getBounds(int[],double[],float[],int)
    public void configureRelativeTo(androidx.constraintlayout.motion.widget.MotionController)
    public static final java.lang.String TAG
    public static final boolean DEBUG
    public static final boolean OLD_WAY
    static final int OFF_POSITION
    static final int OFF_X
    static final int OFF_Y
    static final int OFF_WIDTH
    static final int OFF_HEIGHT
    static final int OFF_PATH_ROTATE
    static final int PERPENDICULAR
    static final int CARTESIAN
    static final int SCREEN
androidx.work.Constraints$Builder:
    public void <init>(androidx.work.Constraints)
    public androidx.work.Constraints$Builder setRequiresCharging(boolean)
    public androidx.work.Constraints$Builder setRequiresDeviceIdle(boolean)
    public androidx.work.Constraints$Builder setRequiresBatteryNotLow(boolean)
    public androidx.work.Constraints$Builder addContentUriTrigger(android.net.Uri,boolean)
    public androidx.work.Constraints$Builder setTriggerContentUpdateDelay(long,java.util.concurrent.TimeUnit)
    public androidx.work.Constraints$Builder setTriggerContentUpdateDelay(java.time.Duration)
    public androidx.work.Constraints$Builder setTriggerContentMaxDelay(long,java.util.concurrent.TimeUnit)
    public androidx.work.Constraints$Builder setTriggerContentMaxDelay(java.time.Duration)
com.google.android.gms.internal.measurement.zzdq
com.google.android.play.core.assetpacks.e:
    void <init>(com.google.android.play.core.assetpacks.i)
androidx.core.util.RangeKt
com.airbnb.lottie.value.LottieInterpolatedValue
creativemaybeno.wakelock.Messages$IsEnabledMessage:
    public java.lang.Boolean getEnabled()
androidx.core.view.accessibility.AccessibilityEventCompat$Api16Impl
com.google.android.exoplayer2.source.hls.UnexpectedSampleTimestampException
androidx.core.app.AppComponentFactory
com.google.gson.internal.bind.TreeTypeAdapter:
    public static com.google.gson.TypeAdapterFactory newFactory(com.google.gson.reflect.TypeToken,java.lang.Object)
    public static com.google.gson.TypeAdapterFactory newFactoryWithMatchRawType(com.google.gson.reflect.TypeToken,java.lang.Object)
    public static com.google.gson.TypeAdapterFactory newTypeHierarchyFactory(java.lang.Class,java.lang.Object)
io.flutter.plugins.firebase.core.R$integer
com.google.common.collect.MapMakerInternalMap$WeakKeyDummyValueSegment
kotlinx.coroutines.CoroutineStart:
    public static synthetic void isLazy$annotations()
    public final void invoke(kotlin.jvm.functions.Function1,kotlin.coroutines.Continuation)
androidx.room.Embedded
androidx.core.R$attr:
    private void <init>()
com.google.android.gms.cloudmessaging.IMessengerCompat:
    public static final java.lang.String DESCRIPTOR
    public static final int TRANSACTION_SEND
kotlin.contracts.InvocationKind
com.google.android.gms.internal.location.zzg
com.google.android.gms.tasks.zzw:
    public final com.google.android.gms.tasks.Task addOnCanceledListener(com.google.android.gms.tasks.OnCanceledListener)
    public final com.google.android.gms.tasks.Task addOnCanceledListener(android.app.Activity,com.google.android.gms.tasks.OnCanceledListener)
    public final com.google.android.gms.tasks.Task addOnCompleteListener(android.app.Activity,com.google.android.gms.tasks.OnCompleteListener)
    public final com.google.android.gms.tasks.Task addOnFailureListener(android.app.Activity,com.google.android.gms.tasks.OnFailureListener)
    public final com.google.android.gms.tasks.Task addOnSuccessListener(android.app.Activity,com.google.android.gms.tasks.OnSuccessListener)